<?xml version="1.0" encoding="UTF-8"?>
<!-- Generated by org.testng.reporters.JUnitXMLReporter -->
<testsuite ignored="0" hostname="NODE1263" failures="1" tests="1" name="Test" time="12.992" errors="0" timestamp="2021-05-14T17:51:37 IST">
  <testcase classname="tests.NewTest" name="openMyBlog" time="6.368">
    <failure type="java.lang.IllegalMonitorStateException" message="current thread is not owner">
      <![CDATA[java.lang.IllegalMonitorStateException: current thread is not owner
at java.base/java.lang.Object.wait(Native Method)
at tests.NewTest.openMyBlog(NewTest.java:16)
at java.base/java.util.ArrayList.forEach(ArrayList.java:1511)
... Removed 27 stack frames]]>
    </failure>
  </testcase> <!-- openMyBlog -->
</testsuite> <!-- Test -->
