<?xml version="1.0" encoding="UTF-8"?>
<testng-results ignored="0" total="1" passed="1" failed="0" skipped="0">
  <reporter-output>
  </reporter-output>
  <suite started-at="2021-05-14T17:53:29 IST" name="Default suite" finished-at="2021-05-14T17:53:59 IST" duration-ms="30559">
    <groups>
    </groups>
    <test started-at="2021-05-14T17:53:29 IST" name="Default test" finished-at="2021-05-14T17:53:59 IST" duration-ms="30559">
      <class name="tests.NewTest">
        <test-method is-config="true" signature="beforeClass()[pri:0, instance:tests.NewTest@482bce4f]" started-at="2021-05-14T17:53:29 IST" name="beforeClass" finished-at="2021-05-14T17:53:33 IST" duration-ms="4267" status="PASS">
          <reporter-output>
          </reporter-output>
        </test-method> <!-- beforeClass -->
        <test-method signature="openMyBlog()[pri:0, instance:tests.NewTest@482bce4f]" started-at="2021-05-14T17:53:33 IST" name="openMyBlog" finished-at="2021-05-14T17:53:58 IST" duration-ms="25467" status="PASS">
          <reporter-output>
          </reporter-output>
        </test-method> <!-- openMyBlog -->
        <test-method is-config="true" signature="afterClass()[pri:0, instance:tests.NewTest@482bce4f]" started-at="2021-05-14T17:53:58 IST" name="afterClass" finished-at="2021-05-14T17:53:59 IST" duration-ms="792" status="PASS">
          <reporter-output>
          </reporter-output>
        </test-method> <!-- afterClass -->
      </class> <!-- tests.NewTest -->
    </test> <!-- Default test -->
  </suite> <!-- Default suite -->
</testng-results>
